#
# There is insufficient memory for the Java Runtime Environment to continue.
# Native memory allocation (mmap) failed to map 264241152 bytes. Error detail: G1 virtual space
# Possible reasons:
#   The system is out of physical RAM or swap space
#   This process is running with CompressedOops enabled, and the Java Heap may be blocking the growth of the native heap
# Possible solutions:
#   Reduce memory load on the system
#   Increase physical memory or swap space
#   Check if swap backing store is full
#   Decrease Java heap size (-Xmx/-Xms)
#   Decrease number of Java threads
#   Decrease Java thread stack sizes (-Xss)
#   Set larger code cache with -XX:ReservedCodeCacheSize=
#   JVM is running with Zero Based Compressed Oops mode in which the Java heap is
#     placed in the first 32GB address space. The Java Heap base address is the
#     maximum limit for the native heap growth. Please use -XX:HeapBaseMinAddress
#     to set the Java Heap base and to place the Java Heap above 32GB virtual address.
# This output file may be truncated or incomplete.
#
#  Out of Memory Error (os_windows.cpp:3631), pid=63768, tid=85052
#
# JRE version:  (22.0.1+8) (build )
# Java VM: Java HotSpot(TM) 64-Bit Server VM (22.0.1+8-16, mixed mode, sharing, tiered, compressed oops, compressed class ptrs, g1 gc, windows-amd64)
# No core dump will be written. Minidumps are not enabled by default on client versions of Windows
#

---------------  S U M M A R Y ------------

Command Line: -Dmaven.multiModuleProjectDirectory=C:\workspace4idea\project-miaosha -Djansi.passthrough=true -Dmaven.home=C:\Program Files\JetBrains\IntelliJ IDEA 2024.1.4\plugins\maven\lib\maven3 -Dclassworlds.conf=C:\Program Files\JetBrains\IntelliJ IDEA 2024.1.4\plugins\maven\lib\maven3\bin\m2.conf -Dmaven.ext.class.path=C:\Program Files\JetBrains\IntelliJ IDEA 2024.1.4\plugins\maven\lib\maven-event-listener.jar -javaagent:C:\Program Files\JetBrains\IntelliJ IDEA 2024.1.4\lib\idea_rt.jar=56981:C:\Program Files\JetBrains\IntelliJ IDEA 2024.1.4\bin -Dfile.encoding=UTF-8 -Dsun.stdout.encoding=UTF-8 -Dsun.stderr.encoding=UTF-8 org.codehaus.classworlds.Launcher -Didea.version=2024.1.4 mybatis-generator:generate

Host: 12th Gen Intel(R) Core(TM) i5-12500H, 16 cores, 15G,  Windows 11 , 64 bit Build 22621 (10.0.22621.3672)
Time: Mon Jul 22 16:10:25 2024 GMT dows 11 , 64 bit Build 22621 (10.0.22621.3672) elapsed time: 0.024406 seconds (0d 0h 0m 0s)

---------------  T H R E A D  ---------------

Current thread (0x0000019bf89e2300):  JavaThread "Unknown thread" [_thread_in_vm, id=85052, stack(0x000000610b800000,0x000000610b900000) (1024K)]

Stack: [0x000000610b800000,0x000000610b900000]
Native frames: (J=compiled Java code, j=interpreted, Vv=VM code, C=native code)
V  [jvm.dll+0x6e2279]  (no source info available)
V  [jvm.dll+0x874e33]  (no source info available)
V  [jvm.dll+0x87725e]  (no source info available)
V  [jvm.dll+0x877933]  (no source info available)
V  [jvm.dll+0x27fd76]  (no source info available)
V  [jvm.dll+0x6de915]  (no source info available)
V  [jvm.dll+0x6d341a]  (no source info available)
V  [jvm.dll+0x3589da]  (no source info available)
V  [jvm.dll+0x360f06]  (no source info available)
V  [jvm.dll+0x3b3e2e]  (no source info available)
V  [jvm.dll+0x3b40d8]  (no source info available)
V  [jvm.dll+0x32c59c]  (no source info available)
V  [jvm.dll+0x32d158]  (no source info available)
V  [jvm.dll+0x83ccdc]  (no source info available)
V  [jvm.dll+0x3c0d71]  (no source info available)
V  [jvm.dll+0x825ccc]  (no source info available)
V  [jvm.dll+0x45b8fe]  (no source info available)
V  [jvm.dll+0x45d781]  (no source info available)
C  [jli.dll+0x52a3]  (no source info available)
C  [ucrtbase.dll+0x29333]  (no source info available)
C  [KERNEL32.DLL+0x1257d]  (no source info available)
C  [ntdll.dll+0x5af28]  (no source info available)


---------------  P R O C E S S  ---------------

Threads class SMR info:
_java_thread_list=0x00007fffd101b1c8, length=0, elements={
}

Java Threads: ( => current thread )
Total: 0

Other Threads:
  0x0000019bfac74420 WorkerThread "GC Thread#0"                     [id=62652, stack(0x000000610b900000,0x000000610ba00000) (1024K)]
  0x0000019bfac84fd0 ConcurrentGCThread "G1 Main Marker"            [id=76608, stack(0x000000610ba00000,0x000000610bb00000) (1024K)]
  0x0000019bfac85ae0 WorkerThread "G1 Conc#0"                       [id=63480, stack(0x000000610bb00000,0x000000610bc00000) (1024K)]

[error occurred during error reporting (printing all threads), id 0xc0000005, EXCEPTION_ACCESS_VIOLATION (0xc0000005) at pc=0x00007fffd076f367]
VM state: not at safepoint (not fully initialized)

VM Mutex/Monitor currently owned by a thread:  ([mutex/lock_event])
[0x00007fffd109bcb8] Heap_lock - owner thread: 0x0000019bf89e2300

Heap address: 0x0000000704400000, size: 4028 MB, Compressed Oops mode: Zero based, Oop shift amount: 3

CDS archive(s) mapped at: [0x0000000000000000-0x0000000000000000-0x0000000000000000), size 0, SharedBaseAddress: 0x0000000800000000, ArchiveRelocationMode: 1.
Narrow klass base: 0x0000000000000000, Narrow klass shift: 0, Narrow klass range: 0x0

GC Precious Log:
 CardTable entry size: 512
 Card Set container configuration: InlinePtr #cards 4 size 8 Array Of Cards #cards 16 size 48 Howl #buckets 8 coarsen threshold 3686 Howl Bitmap #cards 512 size 80 coarsen threshold 460 Card regions per heap region 1 cards per card region 4096

Heap:
 garbage-first heap   total reserved 4124672K, committed 0K, used 0K [0x0000000704400000, 0x0000000800000000)
  region size 2048K, 0 young (0K), 0 survivors (0K)

[error occurred during error reporting (printing heap information), id 0xc0000005, EXCEPTION_ACCESS_VIOLATION (0xc0000005) at pc=0x00007fffd0b6e429]
GC Heap History (0 events):
No events

Dll operation events (1 events):
Event: 0.019 Loaded shared library C:\Program Files\Java\jdk-22\bin\java.dll

Deoptimization events (0 events):
No events

Classes loaded (0 events):
No events

Classes unloaded (0 events):
No events

Classes redefined (0 events):
No events

Internal exceptions (0 events):
No events

ZGC Phase Switch (0 events):
No events

VM Operations (0 events):
No events

Events (0 events):
No events


Dynamic libraries:
0x00007ff7e2730000 - 0x00007ff7e2740000 	C:\Program Files\Java\jdk-22\bin\java.exe
0x00007ff88f150000 - 0x00007ff88f367000 	C:\WINDOWS\SYSTEM32\ntdll.dll
0x00007ff88d380000 - 0x00007ff88d444000 	C:\WINDOWS\System32\KERNEL32.DLL
0x00007ff88c4b0000 - 0x00007ff88c85d000 	C:\WINDOWS\System32\KERNELBASE.dll
0x00007ff88cd70000 - 0x00007ff88ce81000 	C:\WINDOWS\System32\ucrtbase.dll
0x00007ff8644f0000 - 0x00007ff864507000 	C:\Program Files\Java\jdk-22\bin\jli.dll
0x00007ff865340000 - 0x00007ff86535b000 	C:\Program Files\Java\jdk-22\bin\VCRUNTIME140.dll
0x00007ff88e740000 - 0x00007ff88e7f2000 	C:\WINDOWS\System32\ADVAPI32.dll
0x00007ff88e330000 - 0x00007ff88e3d7000 	C:\WINDOWS\System32\msvcrt.dll
0x00007ff88e3e0000 - 0x00007ff88e489000 	C:\WINDOWS\System32\sechost.dll
0x00007ff88cc30000 - 0x00007ff88cc58000 	C:\WINDOWS\System32\bcrypt.dll
0x00007ff88d250000 - 0x00007ff88d364000 	C:\WINDOWS\System32\RPCRT4.dll
0x00007ff88d450000 - 0x00007ff88d5fe000 	C:\WINDOWS\System32\USER32.dll
0x00007ff88c480000 - 0x00007ff88c4a6000 	C:\WINDOWS\System32\win32u.dll
0x00007ff88d0e0000 - 0x00007ff88d109000 	C:\WINDOWS\System32\GDI32.dll
0x00007ff88c860000 - 0x00007ff88c979000 	C:\WINDOWS\System32\gdi32full.dll
0x00007ff88ccd0000 - 0x00007ff88cd6a000 	C:\WINDOWS\System32\msvcp_win.dll
0x00007ff869e40000 - 0x00007ff86a0d3000 	C:\WINDOWS\WinSxS\amd64_microsoft.windows.common-controls_6595b64144ccf1df_6.0.22621.3672_none_2713b9d173822955\COMCTL32.dll
0x00007ff87fe90000 - 0x00007ff87fe9a000 	C:\WINDOWS\SYSTEM32\VERSION.dll
0x00007ff88e700000 - 0x00007ff88e731000 	C:\WINDOWS\System32\IMM32.DLL
0x00007ff87d690000 - 0x00007ff87d69c000 	C:\Program Files\Java\jdk-22\bin\vcruntime140_1.dll
0x00007ff83b160000 - 0x00007ff83b1ee000 	C:\Program Files\Java\jdk-22\bin\msvcp140.dll
0x00007fffd0430000 - 0x00007fffd1177000 	C:\Program Files\Java\jdk-22\bin\server\jvm.dll
0x00007ff88ce90000 - 0x00007ff88cf01000 	C:\WINDOWS\System32\WS2_32.dll
0x00007ff88c340000 - 0x00007ff88c38d000 	C:\WINDOWS\SYSTEM32\POWRPROF.dll
0x00007ff884f60000 - 0x00007ff884f94000 	C:\WINDOWS\SYSTEM32\WINMM.dll
0x00007ff88c320000 - 0x00007ff88c333000 	C:\WINDOWS\SYSTEM32\UMPDC.dll
0x00007ff88b470000 - 0x00007ff88b488000 	C:\WINDOWS\SYSTEM32\kernel.appcore.dll
0x00007ff87adb0000 - 0x00007ff87adba000 	C:\Program Files\Java\jdk-22\bin\jimage.dll
0x00007ff889e10000 - 0x00007ff88a042000 	C:\WINDOWS\SYSTEM32\DBGHELP.DLL
0x00007ff88d600000 - 0x00007ff88d988000 	C:\WINDOWS\System32\combase.dll
0x00007ff88e250000 - 0x00007ff88e327000 	C:\WINDOWS\System32\OLEAUT32.dll
0x00007ff882d20000 - 0x00007ff882d52000 	C:\WINDOWS\SYSTEM32\dbgcore.DLL
0x00007ff88cbb0000 - 0x00007ff88cc2b000 	C:\WINDOWS\System32\bcryptPrimitives.dll
0x00007ff880540000 - 0x00007ff88054f000 	C:\Program Files\Java\jdk-22\bin\instrument.dll
0x00007ff85ab20000 - 0x00007ff85ab3e000 	C:\Program Files\Java\jdk-22\bin\java.dll
0x00007ff88e800000 - 0x00007ff88f05f000 	C:\WINDOWS\System32\SHELL32.dll
0x00007ff88e490000 - 0x00007ff88e635000 	C:\WINDOWS\System32\ole32.dll

dbghelp: loaded successfully - version: 4.0.5 - missing functions: none
symbol engine: initialized successfully - sym options: 0x614 - pdb path: .;C:\Program Files\Java\jdk-22\bin;C:\WINDOWS\SYSTEM32;C:\WINDOWS\WinSxS\amd64_microsoft.windows.common-controls_6595b64144ccf1df_6.0.22621.3672_none_2713b9d173822955;C:\Program Files\Java\jdk-22\bin\server

VM Arguments:
jvm_args: -Dmaven.multiModuleProjectDirectory=C:\workspace4idea\project-miaosha -Djansi.passthrough=true -Dmaven.home=C:\Program Files\JetBrains\IntelliJ IDEA 2024.1.4\plugins\maven\lib\maven3 -Dclassworlds.conf=C:\Program Files\JetBrains\IntelliJ IDEA 2024.1.4\plugins\maven\lib\maven3\bin\m2.conf -Dmaven.ext.class.path=C:\Program Files\JetBrains\IntelliJ IDEA 2024.1.4\plugins\maven\lib\maven-event-listener.jar -javaagent:C:\Program Files\JetBrains\IntelliJ IDEA 2024.1.4\lib\idea_rt.jar=56981:C:\Program Files\JetBrains\IntelliJ IDEA 2024.1.4\bin -Dfile.encoding=UTF-8 -Dsun.stdout.encoding=UTF-8 -Dsun.stderr.encoding=UTF-8 
java_command: org.codehaus.classworlds.Launcher -Didea.version=2024.1.4 mybatis-generator:generate
java_class_path (initial): C:\Program Files\JetBrains\IntelliJ IDEA 2024.1.4\plugins\maven\lib\maven3\boot\plexus-classworlds-2.7.0.jar;C:\Program Files\JetBrains\IntelliJ IDEA 2024.1.4\plugins\maven\lib\maven3\boot\plexus-classworlds.license
Launcher Type: SUN_STANDARD

[Global flags]
     intx CICompilerCount                          = 12                                        {product} {ergonomic}
     uint ConcGCThreads                            = 3                                         {product} {ergonomic}
     uint G1ConcRefinementThreads                  = 13                                        {product} {ergonomic}
   size_t G1HeapRegionSize                         = 2097152                                   {product} {ergonomic}
   size_t InitialHeapSize                          = 264241152                                 {product} {ergonomic}
   size_t MarkStackSize                            = 4194304                                   {product} {ergonomic}
   size_t MaxHeapSize                              = 4223664128                                {product} {ergonomic}
   size_t MinHeapDeltaBytes                        = 2097152                                   {product} {ergonomic}
   size_t MinHeapSize                              = 8388608                                   {product} {ergonomic}
    uintx NonNMethodCodeHeapSize                   = 7602480                                {pd product} {ergonomic}
    uintx NonProfiledCodeHeapSize                  = 122027880                              {pd product} {ergonomic}
    uintx ProfiledCodeHeapSize                     = 122027880                              {pd product} {ergonomic}
    uintx ReservedCodeCacheSize                    = 251658240                              {pd product} {ergonomic}
     bool SegmentedCodeCache                       = true                                      {product} {ergonomic}
   size_t SoftMaxHeapSize                          = 4223664128                             {manageable} {ergonomic}
     bool UseCompressedOops                        = true                           {product lp64_product} {ergonomic}
     bool UseG1GC                                  = true                                      {product} {ergonomic}
     bool UseLargePagesIndividualAllocation        = false                                  {pd product} {ergonomic}

Logging:
Log output configuration:
 #0: stdout all=warning uptime,level,tags foldmultilines=false
 #1: stderr all=off uptime,level,tags foldmultilines=false

Environment Variables:
JAVA_HOME=C:\Program Files\Java\jdk-22
PATH=C:\Program Files\Common Files\Oracle\Java\javapath;C:\WINDOWS\system32;C:\WINDOWS;C:\WINDOWS\System32\Wbem;C:\WINDOWS\System32\WindowsPowerShell\v1.0\;C:\WINDOWS\System32\OpenSSH\;C:\Program Files\dotnet\;C:\Program Files\Git\cmd;C:\Program Files\Docker\Docker\resources\bin;C:\Program Files\Java\jdk-22\bin;C:\Program4java\apache-tomcat-10.1.25\bin;C:\Program Files\MySQL\MySQL Server 9.0\bin;C:\Program4java\apache-maven-3.6.3\bin;C:\Program Files\nodejs\;C:\Program Files\eksctl;D:\Python\Scripts\;D:\Python\;C:\Users\20193\AppData\Local\Programs\Python\Launcher\;C:\Users\20193\AppData\Local\Microsoft\WindowsApps;C:\Users\20193\AppData\Local\Programs\Python\Python312;;C:\Users\20193\AppData\Local\Programs\Microsoft VS Code\bin;C:\Users\20193\.dotnet\tools;C:\Users\20193\AppData\Local\Microsoft\WinGet\Packages\jqlang.jq_Microsoft.Winget.Source_8wekyb3d8bbwe;C:\Users\20193\AppData\Roaming\npm
USERNAME=20193
OS=Windows_NT
PROCESSOR_IDENTIFIER=Intel64 Family 6 Model 154 Stepping 3, GenuineIntel
TMP=C:\Users\20193\AppData\Local\Temp
TEMP=C:\Users\20193\AppData\Local\Temp




Periodic native trim disabled

---------------  S Y S T E M  ---------------

OS:
 Windows 11 , 64 bit Build 22621 (10.0.22621.3672)
OS uptime: 12 days 12:31 hours
Hyper-V role detected

CPU: total 16 (initial active 16) (8 cores per cpu, 2 threads per core) family 6 model 154 stepping 3 microcode 0x428, cx8, cmov, fxsr, ht, mmx, 3dnowpref, sse, sse2, sse3, ssse3, sse4.1, sse4.2, popcnt, lzcnt, tsc, tscinvbit, avx, avx2, aes, erms, clmul, bmi1, bmi2, adx, sha, fma, vzeroupper, clflush, clflushopt, clwb, hv, serialize, rdtscp, rdpid, fsrm, f16c, cet_ibt, cet_ss
Processor Information for processor 0
  Max Mhz: 2500, Current Mhz: 2500, Mhz Limit: 2500
Processor Information for processor 1
  Max Mhz: 2500, Current Mhz: 2500, Mhz Limit: 2500
Processor Information for processor 2
  Max Mhz: 2500, Current Mhz: 2500, Mhz Limit: 2500
Processor Information for processor 3
  Max Mhz: 2500, Current Mhz: 2500, Mhz Limit: 2500
Processor Information for processor 4
  Max Mhz: 2500, Current Mhz: 2500, Mhz Limit: 2500
Processor Information for processor 5
  Max Mhz: 2500, Current Mhz: 2500, Mhz Limit: 2500
Processor Information for processor 6
  Max Mhz: 2500, Current Mhz: 2500, Mhz Limit: 2500
Processor Information for processor 7
  Max Mhz: 2500, Current Mhz: 2500, Mhz Limit: 2500
Processor Information for processor 8
  Max Mhz: 2500, Current Mhz: 1800, Mhz Limit: 1800
Processor Information for processor 9
  Max Mhz: 2500, Current Mhz: 1800, Mhz Limit: 1800
Processor Information for processor 10
  Max Mhz: 2500, Current Mhz: 1800, Mhz Limit: 1800
Processor Information for processor 11
  Max Mhz: 2500, Current Mhz: 1800, Mhz Limit: 1800
Processor Information for processor 12
  Max Mhz: 2500, Current Mhz: 1800, Mhz Limit: 1800
Processor Information for processor 13
  Max Mhz: 2500, Current Mhz: 1800, Mhz Limit: 1800
Processor Information for processor 14
  Max Mhz: 2500, Current Mhz: 1500, Mhz Limit: 1800
Processor Information for processor 15
  Max Mhz: 2500, Current Mhz: 1800, Mhz Limit: 1800

Memory: 4k page, system-wide physical 16109M (620M free)
TotalPageFile size 41709M (AvailPageFile size 218M)
current process WorkingSet (physical memory assigned to process): 12M, peak: 12M
current process commit charge ("private bytes"): 71M, peak: 323M

vm_info: Java HotSpot(TM) 64-Bit Server VM (22.0.1+8-16) for windows-amd64 JRE (22.0.1+8-16), built on 2024-03-12T10:33:16Z by "mach5one" with MS VC++ 17.6 (VS2022)

END.
